C:\USERS\ROONY6\DOCUMENTS\VISUAL STUDIO 2012\PROJECTS\GTL\GTL\DEBUG\SOURCE.OBJ
C:\USERS\ROONY6\DOCUMENTS\VISUAL STUDIO 2012\PROJECTS\GTL\GTL\DEBUG\GTL.OBJ
C:\USERS\ROONY6\DOCUMENTS\VISUAL STUDIO 2012\PROJECTS\GTL\GTL\DEBUG\VC110.PDB
C:\USERS\ROONY6\DOCUMENTS\VISUAL STUDIO 2012\PROJECTS\GTL\DEBUG\GTL.ILK
C:\USERS\ROONY6\DOCUMENTS\VISUAL STUDIO 2012\PROJECTS\GTL\DEBUG\GTL.EXE
C:\USERS\ROONY6\DOCUMENTS\VISUAL STUDIO 2012\PROJECTS\GTL\DEBUG\GTL.PDB
c:\Users\roony6\documents\visual studio 2012\Projects\GTL\GTL\Debug\gtl.obj
c:\Users\roony6\documents\visual studio 2012\Projects\GTL\GTL\Debug\Source.obj
c:\Users\roony6\documents\visual studio 2012\Projects\GTL\GTL\Debug\cl.command.1.tlog
c:\Users\roony6\documents\visual studio 2012\Projects\GTL\GTL\Debug\CL.read.1.tlog
c:\Users\roony6\documents\visual studio 2012\Projects\GTL\GTL\Debug\CL.write.1.tlog
c:\Users\roony6\documents\visual studio 2012\Projects\GTL\GTL\Debug\link-cvtres.read.1.tlog
c:\Users\roony6\documents\visual studio 2012\Projects\GTL\GTL\Debug\link-cvtres.write.1.tlog
c:\Users\roony6\documents\visual studio 2012\Projects\GTL\GTL\Debug\link-rc.read.1.tlog
c:\Users\roony6\documents\visual studio 2012\Projects\GTL\GTL\Debug\link-rc.write.1.tlog
c:\Users\roony6\documents\visual studio 2012\Projects\GTL\GTL\Debug\link.5868-cvtres.read.1.tlog
c:\Users\roony6\documents\visual studio 2012\Projects\GTL\GTL\Debug\link.5868-cvtres.write.1.tlog
c:\Users\roony6\documents\visual studio 2012\Projects\GTL\GTL\Debug\link.5868-rc.read.1.tlog
c:\Users\roony6\documents\visual studio 2012\Projects\GTL\GTL\Debug\link.5868-rc.write.1.tlog
c:\Users\roony6\documents\visual studio 2012\Projects\GTL\GTL\Debug\link.5868.read.1.tlog
c:\Users\roony6\documents\visual studio 2012\Projects\GTL\GTL\Debug\link.5868.write.1.tlog
c:\Users\roony6\documents\visual studio 2012\Projects\GTL\GTL\Debug\link.command.1.tlog
c:\Users\roony6\documents\visual studio 2012\Projects\GTL\GTL\Debug\link.read.1.tlog
c:\Users\roony6\documents\visual studio 2012\Projects\GTL\GTL\Debug\link.write.1.tlog
c:\Users\roony6\documents\visual studio 2012\Projects\GTL\GTL\Debug\vc110.idb
c:\Users\roony6\documents\visual studio 2012\Projects\GTL\GTL\Debug\vc110.pdb
c:\users\roony6\documents\visual studio 2012\Projects\GTL\Debug\GTL.pdb
c:\users\roony6\documents\visual studio 2012\Projects\GTL\Debug\GTL.exe
c:\users\roony6\documents\visual studio 2012\Projects\GTL\Debug\GTL.ilk
